
Showing logs for build [32mcb-kubecd-environment-pr-1397-4-nwqgr-1[0m stage [32mfrom-build-pack[0m and container [32mstep-credential-initializer-sd7sv[0m
{"level":"warn","ts":1586435734.7203221,"logger":"fallback-logger","caller":"logging/config.go:69","msg":"Fetch GitHub commit ID from kodata failed: \"ref: refs/heads/0.8.0-**-support-backwards-incompats\" is not a valid GitHub commit ID"}
{"level":"info","ts":1586435734.7245457,"logger":"fallback-logger","caller":"creds-init/main.go:40","msg":"Credentials initialized."}

Showing logs for build [32mcb-kubecd-environment-pr-1397-4-nwqgr-1[0m stage [32mfrom-build-pack[0m and container [32mstep-working-dir-initializer-j78q7[0m
{"level":"warn","ts":1586435735.7462265,"logger":"fallback-logger","caller":"logging/config.go:69","msg":"Fetch GitHub commit ID from kodata failed: open /var/run/ko/HEAD: no such file or directory"}
{"level":"info","ts":1586435735.7491293,"logger":"fallback-logger","caller":"bash/main.go:64","msg":"Successfully executed command \"sh -c mkdir -p /workspace/source\"; output "}

Showing logs for build [32mcb-kubecd-environment-pr-1397-4-nwqgr-1[0m stage [32mfrom-build-pack[0m and container [32mstep-place-tools[0m

Showing logs for build [32mcb-kubecd-environment-pr-1397-4-nwqgr-1[0m stage [32mfrom-build-pack[0m and container [32mstep-git-source-cb-kubecd-environment-pr-1397-4-nwqgr-t4pbk[0m
{"level":"warn","ts":1586435741.8735838,"logger":"fallback-logger","caller":"logging/config.go:69","msg":"Fetch GitHub commit ID from kodata failed: \"ref: refs/heads/0.8.0-**-support-backwards-incompats\" is not a valid GitHub commit ID"}
{"level":"info","ts":1586435742.9410377,"logger":"fallback-logger","caller":"git/git.go:103","msg":"Successfully cloned https://github.com/cb-kubecd/environment-pr-1397-4-bdd-frontend-staging.git @ master in path /workspace/source"}

Showing logs for build [32mcb-kubecd-environment-pr-1397-4-nwqgr-1[0m stage [32mfrom-build-pack[0m and container [32mstep-git-merge[0m
Using SHAs from PULL_REFS=master:63facdfa392118d0c1443c8c0b45efe99a937575,1:a45c1768e99cfcd0a91abaa9d4aaa90e11cf3fce
DEBUG: LC_ALL=C JX_LOG_LEVEL=error git fetch origin --unshallow a45c1768e99cfcd0a91abaa9d4aaa90e11cf3fce: 63facdfa392118d0c1443c8c0b45efe99a937575:
DEBUG: ran git fetch --unshallow origin a45c1768e99cfcd0a91abaa9d4aaa90e11cf3fce: 63facdfa392118d0c1443c8c0b45efe99a937575: in 
DEBUG: LC_ALL=C JX_LOG_LEVEL=error git branch
DEBUG: JX_LOG_LEVEL=error LC_ALL=C git checkout master
DEBUG: ran git checkout master in 
DEBUG: JX_LOG_LEVEL=error LC_ALL=C git reset --hard 63facdfa392118d0c1443c8c0b45efe99a937575
DEBUG: ran git reset --hard 63facdfa392118d0c1443c8c0b45efe99a937575 in 
DEBUG: LC_ALL=C JX_LOG_LEVEL=error git clean -fd .
DEBUG: ran clean --force -d . in 
DEBUG: LC_ALL=C JX_LOG_LEVEL=error git merge a45c1768e99cfcd0a91abaa9d4aaa90e11cf3fce
DEBUG: ran git merge a45c1768e99cfcd0a91abaa9d4aaa90e11cf3fce in 
DEBUG: LC_ALL=C JX_LOG_LEVEL=error git log --format=%H%x1f%an%x1f%ae%x1f%cn%x1f%ce%x1f%s%n%b%x1e 63facdfa392118d0c1443c8c0b45efe99a937575..HEAD
Merged SHA a45c1768e99cfcd0a91abaa9d4aaa90e11cf3fce with commit message 'chore: Promote bdd-nh-1586434770 to version 0.0.1' into base branch master

Showing logs for build [32mcb-kubecd-environment-pr-1397-4-nwqgr-1[0m stage [32mfrom-build-pack[0m and container [32mstep-build-helm-build[0m
WARNING: No $CHART_REPOSITORY defined so using the default value of: http://jenkins-x-chartmuseum:8080
Adding missing Helm repo: storage.googleapis.com https://storage.googleapis.com/chartmuseum.jenkins-x.io
WARNING: No secrets found on "helm/repos" due: reading the secret "helm/repos" from vault: no secret "helm/repos" not found in vault
Read credentials for https://storage.googleapis.com/chartmuseum.jenkins-x.io from vault helm/repos
Successfully added Helm repository storage.googleapis.com.
Adding missing Helm repo: jenkins-x-chartmuseum http://jenkins-x-chartmuseum:8080
WARNING: No secrets found on "helm/repos" due: reading the secret "helm/repos" from vault: no secret "helm/repos" not found in vault
Read credentials for http://jenkins-x-chartmuseum:8080 from vault helm/repos
Successfully added Helm repository jenkins-x-chartmuseum.
WARNING: No $CHART_REPOSITORY defined so using the default value of: http://jenkins-x-chartmuseum:8080
Adding missing Helm repo: chartmuseum.jenkins-x.io http://chartmuseum.jenkins-x.io
WARNING: No secrets found on "helm/repos" due: reading the secret "helm/repos" from vault: no secret "helm/repos" not found in vault
Read credentials for http://chartmuseum.jenkins-x.io from vault helm/repos
Successfully added Helm repository chartmuseum.jenkins-x.io.
